2025-02-05 13:50:41,190 INFO 15810 [egg:logger] init all loggers with options: {"dir":"/Users/waylon/code/egg-casl-example/logs/egg-casl-example","encoding":"utf8","env":"local","level":"INFO","consoleLevel":"INFO","disableConsoleAfterReady":false,"outputJSON":false,"buffer":true,"appLogName":"egg-casl-example-web.log","coreLogName":"egg-web.log","agentLogName":"egg-agent.log","errorLogName":"common-error.log","coreLogger":{"consoleLevel":"WARN"},"allowDebugAtProd":false,"type":"application"}
2025-02-05 13:50:41,203 INFO 15810 [egg-schedule]: register schedule /Users/waylon/code/egg-casl-example/node_modules/egg-logrotator/app/schedule/clean_log.js
2025-02-05 13:50:41,203 INFO 15810 [egg-schedule]: register schedule /Users/waylon/code/egg-casl-example/node_modules/egg-logrotator/app/schedule/rotate_by_file.js
2025-02-05 13:50:41,227 INFO 15810 [egg-static] starting static serve /public/ -> /Users/waylon/code/egg-casl-example/app/public
2025-02-05 13:50:41,228 INFO 15810 [egg-security] use csrf middleware
2025-02-05 13:50:41,228 INFO 15810 [egg-security] use methodnoallow middleware
2025-02-05 13:50:41,228 INFO 15810 [egg-security] use noopen middleware
2025-02-05 13:50:41,229 INFO 15810 [egg-security] use nosniff middleware
2025-02-05 13:50:41,229 INFO 15810 [egg-security] use xssProtection middleware
2025-02-05 13:50:41,229 INFO 15810 [egg-security] use xframe middleware
2025-02-05 13:50:41,229 INFO 15810 [egg-security] use dta middleware
2025-02-05 13:50:41,229 INFO 15810 [egg-security] compose 7 middlewares into one security middleware
2025-02-05 13:50:41,231 INFO 15810 [egg:core] dump config after load, 1ms
2025-02-05 13:50:41,236 INFO 15810 [egg-watcher:app] watcher start success
2025-02-05 13:50:41,237 INFO 15810 [egg:core] dump config after ready, 1ms
2025-02-05 13:53:41,805 INFO 15994 [egg:logger] init all loggers with options: {"dir":"/Users/waylon/code/egg-casl-example/logs/egg-casl-example","encoding":"utf8","env":"local","level":"INFO","consoleLevel":"INFO","disableConsoleAfterReady":false,"outputJSON":false,"buffer":true,"appLogName":"egg-casl-example-web.log","coreLogName":"egg-web.log","agentLogName":"egg-agent.log","errorLogName":"common-error.log","coreLogger":{"consoleLevel":"WARN"},"allowDebugAtProd":false,"type":"application"}
2025-02-05 13:53:41,817 INFO 15994 [egg-schedule]: register schedule /Users/waylon/code/egg-casl-example/node_modules/egg-logrotator/app/schedule/clean_log.js
2025-02-05 13:53:41,817 INFO 15994 [egg-schedule]: register schedule /Users/waylon/code/egg-casl-example/node_modules/egg-logrotator/app/schedule/rotate_by_file.js
2025-02-05 13:53:41,827 INFO 15994 [egg-static] starting static serve /public/ -> /Users/waylon/code/egg-casl-example/app/public
2025-02-05 13:53:41,828 INFO 15994 [egg-security] use csrf middleware
2025-02-05 13:53:41,828 INFO 15994 [egg-security] use methodnoallow middleware
2025-02-05 13:53:41,828 INFO 15994 [egg-security] use noopen middleware
2025-02-05 13:53:41,828 INFO 15994 [egg-security] use nosniff middleware
2025-02-05 13:53:41,828 INFO 15994 [egg-security] use xssProtection middleware
2025-02-05 13:53:41,828 INFO 15994 [egg-security] use xframe middleware
2025-02-05 13:53:41,828 INFO 15994 [egg-security] use dta middleware
2025-02-05 13:53:41,828 INFO 15994 [egg-security] compose 7 middlewares into one security middleware
2025-02-05 13:53:41,831 INFO 15994 [egg:core] dump config after load, 2ms
2025-02-05 13:53:41,835 INFO 15994 [egg-watcher:app] watcher start success
2025-02-05 13:53:41,837 INFO 15994 [egg:core] dump config after ready, 1ms
2025-02-05 14:51:17,327 WARN 15994 [ClusterClient:Watcher] follower closed, and try to init it again
2025-02-05 14:58:33,276 WARN 15994 [ClusterClient:Watcher] follower closed, and try to init it again
2025-02-05 16:55:11,081 INFO 32197 [egg:logger] init all loggers with options: {"dir":"/Users/waylon/code/egg-casl-example/logs/egg-casl-example","encoding":"utf8","env":"local","level":"INFO","consoleLevel":"INFO","disableConsoleAfterReady":false,"outputJSON":false,"buffer":true,"appLogName":"egg-casl-example-web.log","coreLogName":"egg-web.log","agentLogName":"egg-agent.log","errorLogName":"common-error.log","coreLogger":{"consoleLevel":"WARN"},"allowDebugAtProd":false,"type":"application"}
2025-02-05 16:55:11,095 INFO 32197 [egg-schedule]: register schedule /Users/waylon/code/egg-casl-example/node_modules/egg-logrotator/app/schedule/clean_log.js
2025-02-05 16:55:11,095 INFO 32197 [egg-schedule]: register schedule /Users/waylon/code/egg-casl-example/node_modules/egg-logrotator/app/schedule/rotate_by_file.js
2025-02-05 16:55:11,123 INFO 32197 [egg-static] starting static serve /public/ -> /Users/waylon/code/egg-casl-example/app/public
2025-02-05 16:55:11,123 INFO 32197 [egg-security] use csrf middleware
2025-02-05 16:55:11,124 INFO 32197 [egg-security] use methodnoallow middleware
2025-02-05 16:55:11,124 INFO 32197 [egg-security] use noopen middleware
2025-02-05 16:55:11,124 INFO 32197 [egg-security] use nosniff middleware
2025-02-05 16:55:11,124 INFO 32197 [egg-security] use xssProtection middleware
2025-02-05 16:55:11,124 INFO 32197 [egg-security] use xframe middleware
2025-02-05 16:55:11,124 INFO 32197 [egg-security] use dta middleware
2025-02-05 16:55:11,124 INFO 32197 [egg-security] compose 7 middlewares into one security middleware
2025-02-05 16:55:11,128 INFO 32197 [egg:core] dump config after load, 2ms
2025-02-05 16:55:11,132 INFO 32197 [egg-watcher:app] watcher start success
2025-02-05 16:55:11,134 INFO 32197 [egg:core] dump config after ready, 1ms
2025-02-05 16:55:26,612 INFO 32222 [egg:logger] init all loggers with options: {"dir":"/Users/waylon/code/egg-casl-example/logs/egg-casl-example","encoding":"utf8","env":"local","level":"INFO","consoleLevel":"INFO","disableConsoleAfterReady":false,"outputJSON":false,"buffer":true,"appLogName":"egg-casl-example-web.log","coreLogName":"egg-web.log","agentLogName":"egg-agent.log","errorLogName":"common-error.log","coreLogger":{"consoleLevel":"WARN"},"allowDebugAtProd":false,"type":"application"}
2025-02-05 16:55:26,627 INFO 32222 [egg-schedule]: register schedule /Users/waylon/code/egg-casl-example/node_modules/egg-logrotator/app/schedule/clean_log.js
2025-02-05 16:55:26,627 INFO 32222 [egg-schedule]: register schedule /Users/waylon/code/egg-casl-example/node_modules/egg-logrotator/app/schedule/rotate_by_file.js
2025-02-05 16:55:26,653 INFO 32222 [egg-static] starting static serve /public/ -> /Users/waylon/code/egg-casl-example/app/public
2025-02-05 16:55:26,653 INFO 32222 [egg-security] use csrf middleware
2025-02-05 16:55:26,654 INFO 32222 [egg-security] use methodnoallow middleware
2025-02-05 16:55:26,654 INFO 32222 [egg-security] use noopen middleware
2025-02-05 16:55:26,654 INFO 32222 [egg-security] use nosniff middleware
2025-02-05 16:55:26,654 INFO 32222 [egg-security] use xssProtection middleware
2025-02-05 16:55:26,654 INFO 32222 [egg-security] use xframe middleware
2025-02-05 16:55:26,654 INFO 32222 [egg-security] use dta middleware
2025-02-05 16:55:26,654 INFO 32222 [egg-security] compose 7 middlewares into one security middleware
2025-02-05 16:55:26,657 INFO 32222 [egg:core] dump config after load, 1ms
2025-02-05 16:55:26,661 INFO 32222 [egg-watcher:app] watcher start success
2025-02-05 16:55:26,662 INFO 32222 [egg:core] dump config after ready, 1ms
2025-02-05 16:55:35,049 INFO 32238 [egg:logger] init all loggers with options: {"dir":"/Users/waylon/code/egg-casl-example/logs/egg-casl-example","encoding":"utf8","env":"local","level":"INFO","consoleLevel":"INFO","disableConsoleAfterReady":false,"outputJSON":false,"buffer":true,"appLogName":"egg-casl-example-web.log","coreLogName":"egg-web.log","agentLogName":"egg-agent.log","errorLogName":"common-error.log","coreLogger":{"consoleLevel":"WARN"},"allowDebugAtProd":false,"type":"application"}
2025-02-05 16:55:35,061 INFO 32238 [egg-schedule]: register schedule /Users/waylon/code/egg-casl-example/node_modules/egg-logrotator/app/schedule/clean_log.js
2025-02-05 16:55:35,061 INFO 32238 [egg-schedule]: register schedule /Users/waylon/code/egg-casl-example/node_modules/egg-logrotator/app/schedule/rotate_by_file.js
2025-02-05 16:55:35,072 INFO 32238 [egg-static] starting static serve /public/ -> /Users/waylon/code/egg-casl-example/app/public
2025-02-05 16:55:35,072 INFO 32238 [egg-security] use csrf middleware
2025-02-05 16:55:35,072 INFO 32238 [egg-security] use methodnoallow middleware
2025-02-05 16:55:35,072 INFO 32238 [egg-security] use noopen middleware
2025-02-05 16:55:35,072 INFO 32238 [egg-security] use nosniff middleware
2025-02-05 16:55:35,072 INFO 32238 [egg-security] use xssProtection middleware
2025-02-05 16:55:35,073 INFO 32238 [egg-security] use xframe middleware
2025-02-05 16:55:35,073 INFO 32238 [egg-security] use dta middleware
2025-02-05 16:55:35,073 INFO 32238 [egg-security] compose 7 middlewares into one security middleware
2025-02-05 16:55:35,075 INFO 32238 [egg:core] dump config after load, 1ms
2025-02-05 16:55:35,078 INFO 32238 [egg-watcher:app] watcher start success
2025-02-05 16:55:35,081 INFO 32238 [egg:core] dump config after ready, 2ms
2025-02-05 16:55:36,920 INFO 32239 [egg:logger] init all loggers with options: {"dir":"/Users/waylon/code/egg-casl-example/logs/egg-casl-example","encoding":"utf8","env":"local","level":"INFO","consoleLevel":"INFO","disableConsoleAfterReady":false,"outputJSON":false,"buffer":true,"appLogName":"egg-casl-example-web.log","coreLogName":"egg-web.log","agentLogName":"egg-agent.log","errorLogName":"common-error.log","coreLogger":{"consoleLevel":"WARN"},"allowDebugAtProd":false,"type":"application"}
2025-02-05 16:55:36,932 INFO 32239 [egg-schedule]: register schedule /Users/waylon/code/egg-casl-example/node_modules/egg-logrotator/app/schedule/clean_log.js
2025-02-05 16:55:36,932 INFO 32239 [egg-schedule]: register schedule /Users/waylon/code/egg-casl-example/node_modules/egg-logrotator/app/schedule/rotate_by_file.js
2025-02-05 16:55:36,942 INFO 32239 [egg-static] starting static serve /public/ -> /Users/waylon/code/egg-casl-example/app/public
2025-02-05 16:55:36,942 INFO 32239 [egg-security] use csrf middleware
2025-02-05 16:55:36,942 INFO 32239 [egg-security] use methodnoallow middleware
2025-02-05 16:55:36,943 INFO 32239 [egg-security] use noopen middleware
2025-02-05 16:55:36,943 INFO 32239 [egg-security] use nosniff middleware
2025-02-05 16:55:36,943 INFO 32239 [egg-security] use xssProtection middleware
2025-02-05 16:55:36,943 INFO 32239 [egg-security] use xframe middleware
2025-02-05 16:55:36,943 INFO 32239 [egg-security] use dta middleware
2025-02-05 16:55:36,943 INFO 32239 [egg-security] compose 7 middlewares into one security middleware
2025-02-05 16:55:36,945 INFO 32239 [egg:core] dump config after load, 1ms
2025-02-05 16:55:36,949 INFO 32239 [egg-watcher:app] watcher start success
2025-02-05 16:55:36,950 INFO 32239 [egg:core] dump config after ready, 1ms
2025-02-05 16:55:45,439 INFO 32249 [egg:logger] init all loggers with options: {"dir":"/Users/waylon/code/egg-casl-example/logs/egg-casl-example","encoding":"utf8","env":"local","level":"INFO","consoleLevel":"INFO","disableConsoleAfterReady":false,"outputJSON":false,"buffer":true,"appLogName":"egg-casl-example-web.log","coreLogName":"egg-web.log","agentLogName":"egg-agent.log","errorLogName":"common-error.log","coreLogger":{"consoleLevel":"WARN"},"allowDebugAtProd":false,"type":"application"}
2025-02-05 16:55:45,450 INFO 32249 [egg-schedule]: register schedule /Users/waylon/code/egg-casl-example/node_modules/egg-logrotator/app/schedule/clean_log.js
2025-02-05 16:55:45,450 INFO 32249 [egg-schedule]: register schedule /Users/waylon/code/egg-casl-example/node_modules/egg-logrotator/app/schedule/rotate_by_file.js
2025-02-05 16:55:45,461 INFO 32249 [egg-static] starting static serve /public/ -> /Users/waylon/code/egg-casl-example/app/public
2025-02-05 16:55:45,461 INFO 32249 [egg-security] use csrf middleware
2025-02-05 16:55:45,461 INFO 32249 [egg-security] use methodnoallow middleware
2025-02-05 16:55:45,461 INFO 32249 [egg-security] use noopen middleware
2025-02-05 16:55:45,462 INFO 32249 [egg-security] use nosniff middleware
2025-02-05 16:55:45,462 INFO 32249 [egg-security] use xssProtection middleware
2025-02-05 16:55:45,462 INFO 32249 [egg-security] use xframe middleware
2025-02-05 16:55:45,462 INFO 32249 [egg-security] use dta middleware
2025-02-05 16:55:45,462 INFO 32249 [egg-security] compose 7 middlewares into one security middleware
2025-02-05 16:55:45,464 INFO 32249 [egg:core] dump config after load, 1ms
2025-02-05 16:55:45,467 INFO 32249 [egg-watcher:app] watcher start success
2025-02-05 16:55:45,468 INFO 32249 [egg:core] dump config after ready, 1ms
2025-02-05 16:55:48,352 INFO 32252 [egg:logger] init all loggers with options: {"dir":"/Users/waylon/code/egg-casl-example/logs/egg-casl-example","encoding":"utf8","env":"local","level":"INFO","consoleLevel":"INFO","disableConsoleAfterReady":false,"outputJSON":false,"buffer":true,"appLogName":"egg-casl-example-web.log","coreLogName":"egg-web.log","agentLogName":"egg-agent.log","errorLogName":"common-error.log","coreLogger":{"consoleLevel":"WARN"},"allowDebugAtProd":false,"type":"application"}
2025-02-05 16:55:48,364 INFO 32252 [egg-schedule]: register schedule /Users/waylon/code/egg-casl-example/node_modules/egg-logrotator/app/schedule/clean_log.js
2025-02-05 16:55:48,365 INFO 32252 [egg-schedule]: register schedule /Users/waylon/code/egg-casl-example/node_modules/egg-logrotator/app/schedule/rotate_by_file.js
2025-02-05 16:55:48,375 INFO 32252 [egg-static] starting static serve /public/ -> /Users/waylon/code/egg-casl-example/app/public
2025-02-05 16:55:48,375 INFO 32252 [egg-security] use csrf middleware
2025-02-05 16:55:48,375 INFO 32252 [egg-security] use methodnoallow middleware
2025-02-05 16:55:48,375 INFO 32252 [egg-security] use noopen middleware
2025-02-05 16:55:48,375 INFO 32252 [egg-security] use nosniff middleware
2025-02-05 16:55:48,375 INFO 32252 [egg-security] use xssProtection middleware
2025-02-05 16:55:48,376 INFO 32252 [egg-security] use xframe middleware
2025-02-05 16:55:48,376 INFO 32252 [egg-security] use dta middleware
2025-02-05 16:55:48,376 INFO 32252 [egg-security] compose 7 middlewares into one security middleware
2025-02-05 16:55:48,378 INFO 32252 [egg:core] dump config after load, 1ms
2025-02-05 16:55:48,381 INFO 32252 [egg-watcher:app] watcher start success
2025-02-05 16:55:48,383 INFO 32252 [egg:core] dump config after ready, 1ms
2025-02-05 16:56:16,234 INFO 32274 [egg:logger] init all loggers with options: {"dir":"/Users/waylon/code/egg-casl-example/logs/egg-casl-example","encoding":"utf8","env":"local","level":"INFO","consoleLevel":"INFO","disableConsoleAfterReady":false,"outputJSON":false,"buffer":true,"appLogName":"egg-casl-example-web.log","coreLogName":"egg-web.log","agentLogName":"egg-agent.log","errorLogName":"common-error.log","coreLogger":{"consoleLevel":"WARN"},"allowDebugAtProd":false,"type":"application"}
2025-02-05 16:56:16,249 INFO 32274 [egg-schedule]: register schedule /Users/waylon/code/egg-casl-example/node_modules/egg-logrotator/app/schedule/clean_log.js
2025-02-05 16:56:16,249 INFO 32274 [egg-schedule]: register schedule /Users/waylon/code/egg-casl-example/node_modules/egg-logrotator/app/schedule/rotate_by_file.js
2025-02-05 16:56:16,275 INFO 32274 [egg-static] starting static serve /public/ -> /Users/waylon/code/egg-casl-example/app/public
2025-02-05 16:56:16,276 INFO 32274 [egg-security] use csrf middleware
2025-02-05 16:56:16,276 INFO 32274 [egg-security] use methodnoallow middleware
2025-02-05 16:56:16,276 INFO 32274 [egg-security] use noopen middleware
2025-02-05 16:56:16,276 INFO 32274 [egg-security] use nosniff middleware
2025-02-05 16:56:16,276 INFO 32274 [egg-security] use xssProtection middleware
2025-02-05 16:56:16,276 INFO 32274 [egg-security] use xframe middleware
2025-02-05 16:56:16,277 INFO 32274 [egg-security] use dta middleware
2025-02-05 16:56:16,277 INFO 32274 [egg-security] compose 7 middlewares into one security middleware
2025-02-05 16:56:16,279 INFO 32274 [egg:core] dump config after load, 1ms
2025-02-05 16:56:16,282 INFO 32274 [egg-watcher:app] watcher start success
2025-02-05 16:56:16,283 INFO 32274 [egg:core] dump config after ready, 1ms
2025-02-05 16:56:16,935 INFO 32275 [egg:logger] init all loggers with options: {"dir":"/Users/waylon/code/egg-casl-example/logs/egg-casl-example","encoding":"utf8","env":"local","level":"INFO","consoleLevel":"INFO","disableConsoleAfterReady":false,"outputJSON":false,"buffer":true,"appLogName":"egg-casl-example-web.log","coreLogName":"egg-web.log","agentLogName":"egg-agent.log","errorLogName":"common-error.log","coreLogger":{"consoleLevel":"WARN"},"allowDebugAtProd":false,"type":"application"}
2025-02-05 16:56:16,947 INFO 32275 [egg-schedule]: register schedule /Users/waylon/code/egg-casl-example/node_modules/egg-logrotator/app/schedule/clean_log.js
2025-02-05 16:56:16,947 INFO 32275 [egg-schedule]: register schedule /Users/waylon/code/egg-casl-example/node_modules/egg-logrotator/app/schedule/rotate_by_file.js
2025-02-05 16:56:16,956 INFO 32275 [egg-static] starting static serve /public/ -> /Users/waylon/code/egg-casl-example/app/public
2025-02-05 16:56:16,957 INFO 32275 [egg-security] use csrf middleware
2025-02-05 16:56:16,957 INFO 32275 [egg-security] use methodnoallow middleware
2025-02-05 16:56:16,957 INFO 32275 [egg-security] use noopen middleware
2025-02-05 16:56:16,957 INFO 32275 [egg-security] use nosniff middleware
2025-02-05 16:56:16,957 INFO 32275 [egg-security] use xssProtection middleware
2025-02-05 16:56:16,957 INFO 32275 [egg-security] use xframe middleware
2025-02-05 16:56:16,957 INFO 32275 [egg-security] use dta middleware
2025-02-05 16:56:16,957 INFO 32275 [egg-security] compose 7 middlewares into one security middleware
2025-02-05 16:56:16,959 INFO 32275 [egg:core] dump config after load, 1ms
2025-02-05 16:56:16,962 INFO 32275 [egg-watcher:app] watcher start success
2025-02-05 16:56:16,964 INFO 32275 [egg:core] dump config after ready, 1ms
2025-02-05 16:56:27,688 INFO 32290 [egg:logger] init all loggers with options: {"dir":"/Users/waylon/code/egg-casl-example/logs/egg-casl-example","encoding":"utf8","env":"local","level":"INFO","consoleLevel":"INFO","disableConsoleAfterReady":false,"outputJSON":false,"buffer":true,"appLogName":"egg-casl-example-web.log","coreLogName":"egg-web.log","agentLogName":"egg-agent.log","errorLogName":"common-error.log","coreLogger":{"consoleLevel":"WARN"},"allowDebugAtProd":false,"type":"application"}
2025-02-05 16:56:27,703 INFO 32290 [egg-schedule]: register schedule /Users/waylon/code/egg-casl-example/node_modules/egg-logrotator/app/schedule/clean_log.js
2025-02-05 16:56:27,703 INFO 32290 [egg-schedule]: register schedule /Users/waylon/code/egg-casl-example/node_modules/egg-logrotator/app/schedule/rotate_by_file.js
2025-02-05 16:56:27,729 INFO 32290 [egg-static] starting static serve /public/ -> /Users/waylon/code/egg-casl-example/app/public
2025-02-05 16:56:27,729 INFO 32290 [egg-security] use csrf middleware
2025-02-05 16:56:27,730 INFO 32290 [egg-security] use methodnoallow middleware
2025-02-05 16:56:27,730 INFO 32290 [egg-security] use noopen middleware
2025-02-05 16:56:27,730 INFO 32290 [egg-security] use nosniff middleware
2025-02-05 16:56:27,730 INFO 32290 [egg-security] use xssProtection middleware
2025-02-05 16:56:27,730 INFO 32290 [egg-security] use xframe middleware
2025-02-05 16:56:27,730 INFO 32290 [egg-security] use dta middleware
2025-02-05 16:56:27,730 INFO 32290 [egg-security] compose 7 middlewares into one security middleware
2025-02-05 16:56:27,733 INFO 32290 [egg:core] dump config after load, 2ms
2025-02-05 16:56:27,736 INFO 32290 [egg-watcher:app] watcher start success
2025-02-05 16:56:27,737 INFO 32290 [egg:core] dump config after ready, 1ms
2025-02-05 16:56:27,855 INFO 32291 [egg:logger] init all loggers with options: {"dir":"/Users/waylon/code/egg-casl-example/logs/egg-casl-example","encoding":"utf8","env":"local","level":"INFO","consoleLevel":"INFO","disableConsoleAfterReady":false,"outputJSON":false,"buffer":true,"appLogName":"egg-casl-example-web.log","coreLogName":"egg-web.log","agentLogName":"egg-agent.log","errorLogName":"common-error.log","coreLogger":{"consoleLevel":"WARN"},"allowDebugAtProd":false,"type":"application"}
2025-02-05 16:56:27,866 INFO 32291 [egg-schedule]: register schedule /Users/waylon/code/egg-casl-example/node_modules/egg-logrotator/app/schedule/clean_log.js
2025-02-05 16:56:27,866 INFO 32291 [egg-schedule]: register schedule /Users/waylon/code/egg-casl-example/node_modules/egg-logrotator/app/schedule/rotate_by_file.js
2025-02-05 16:56:27,875 INFO 32291 [egg-static] starting static serve /public/ -> /Users/waylon/code/egg-casl-example/app/public
2025-02-05 16:56:27,876 INFO 32291 [egg-security] use csrf middleware
2025-02-05 16:56:27,876 INFO 32291 [egg-security] use methodnoallow middleware
2025-02-05 16:56:27,876 INFO 32291 [egg-security] use noopen middleware
2025-02-05 16:56:27,876 INFO 32291 [egg-security] use nosniff middleware
2025-02-05 16:56:27,876 INFO 32291 [egg-security] use xssProtection middleware
2025-02-05 16:56:27,876 INFO 32291 [egg-security] use xframe middleware
2025-02-05 16:56:27,876 INFO 32291 [egg-security] use dta middleware
2025-02-05 16:56:27,876 INFO 32291 [egg-security] compose 7 middlewares into one security middleware
2025-02-05 16:56:27,879 INFO 32291 [egg:core] dump config after load, 2ms
2025-02-05 16:56:27,882 INFO 32291 [egg-watcher:app] watcher start success
2025-02-05 16:56:27,883 INFO 32291 [egg:core] dump config after ready, 1ms
2025-02-05 16:56:46,428 INFO 32304 [egg:logger] init all loggers with options: {"dir":"/Users/waylon/code/egg-casl-example/logs/egg-casl-example","encoding":"utf8","env":"local","level":"INFO","consoleLevel":"INFO","disableConsoleAfterReady":false,"outputJSON":false,"buffer":true,"appLogName":"egg-casl-example-web.log","coreLogName":"egg-web.log","agentLogName":"egg-agent.log","errorLogName":"common-error.log","coreLogger":{"consoleLevel":"WARN"},"allowDebugAtProd":false,"type":"application"}
2025-02-05 16:56:46,443 INFO 32304 [egg-schedule]: register schedule /Users/waylon/code/egg-casl-example/node_modules/egg-logrotator/app/schedule/clean_log.js
2025-02-05 16:56:46,443 INFO 32304 [egg-schedule]: register schedule /Users/waylon/code/egg-casl-example/node_modules/egg-logrotator/app/schedule/rotate_by_file.js
2025-02-05 16:56:46,470 INFO 32304 [egg-static] starting static serve /public/ -> /Users/waylon/code/egg-casl-example/app/public
2025-02-05 16:56:46,470 INFO 32304 [egg-security] use csrf middleware
2025-02-05 16:56:46,470 INFO 32304 [egg-security] use methodnoallow middleware
2025-02-05 16:56:46,471 INFO 32304 [egg-security] use noopen middleware
2025-02-05 16:56:46,471 INFO 32304 [egg-security] use nosniff middleware
2025-02-05 16:56:46,471 INFO 32304 [egg-security] use xssProtection middleware
2025-02-05 16:56:46,471 INFO 32304 [egg-security] use xframe middleware
2025-02-05 16:56:46,471 INFO 32304 [egg-security] use dta middleware
2025-02-05 16:56:46,471 INFO 32304 [egg-security] compose 7 middlewares into one security middleware
2025-02-05 16:56:46,474 INFO 32304 [egg:core] dump config after load, 1ms
2025-02-05 16:56:46,477 INFO 32304 [egg-watcher:app] watcher start success
2025-02-05 16:56:46,479 INFO 32304 [egg:core] dump config after ready, 1ms
2025-02-05 16:56:55,847 INFO 32320 [egg:logger] init all loggers with options: {"dir":"/Users/waylon/code/egg-casl-example/logs/egg-casl-example","encoding":"utf8","env":"local","level":"INFO","consoleLevel":"INFO","disableConsoleAfterReady":false,"outputJSON":false,"buffer":true,"appLogName":"egg-casl-example-web.log","coreLogName":"egg-web.log","agentLogName":"egg-agent.log","errorLogName":"common-error.log","coreLogger":{"consoleLevel":"WARN"},"allowDebugAtProd":false,"type":"application"}
2025-02-05 16:56:55,861 INFO 32320 [egg-schedule]: register schedule /Users/waylon/code/egg-casl-example/node_modules/egg-logrotator/app/schedule/clean_log.js
2025-02-05 16:56:55,861 INFO 32320 [egg-schedule]: register schedule /Users/waylon/code/egg-casl-example/node_modules/egg-logrotator/app/schedule/rotate_by_file.js
2025-02-05 16:56:55,884 INFO 32320 [egg-static] starting static serve /public/ -> /Users/waylon/code/egg-casl-example/app/public
2025-02-05 16:56:55,885 INFO 32320 [egg-security] use csrf middleware
2025-02-05 16:56:55,885 INFO 32320 [egg-security] use methodnoallow middleware
2025-02-05 16:56:55,885 INFO 32320 [egg-security] use noopen middleware
2025-02-05 16:56:55,885 INFO 32320 [egg-security] use nosniff middleware
2025-02-05 16:56:55,885 INFO 32320 [egg-security] use xssProtection middleware
2025-02-05 16:56:55,885 INFO 32320 [egg-security] use xframe middleware
2025-02-05 16:56:55,886 INFO 32320 [egg-security] use dta middleware
2025-02-05 16:56:55,886 INFO 32320 [egg-security] compose 7 middlewares into one security middleware
2025-02-05 16:56:55,888 INFO 32320 [egg:core] dump config after load, 1ms
2025-02-05 16:56:55,892 INFO 32320 [egg-watcher:app] watcher start success
2025-02-05 16:56:55,893 INFO 32320 [egg:core] dump config after ready, 1ms
2025-02-05 16:56:56,029 INFO 32322 [egg:logger] init all loggers with options: {"dir":"/Users/waylon/code/egg-casl-example/logs/egg-casl-example","encoding":"utf8","env":"local","level":"INFO","consoleLevel":"INFO","disableConsoleAfterReady":false,"outputJSON":false,"buffer":true,"appLogName":"egg-casl-example-web.log","coreLogName":"egg-web.log","agentLogName":"egg-agent.log","errorLogName":"common-error.log","coreLogger":{"consoleLevel":"WARN"},"allowDebugAtProd":false,"type":"application"}
2025-02-05 16:56:56,042 INFO 32322 [egg-schedule]: register schedule /Users/waylon/code/egg-casl-example/node_modules/egg-logrotator/app/schedule/clean_log.js
2025-02-05 16:56:56,042 INFO 32322 [egg-schedule]: register schedule /Users/waylon/code/egg-casl-example/node_modules/egg-logrotator/app/schedule/rotate_by_file.js
2025-02-05 16:56:56,054 INFO 32322 [egg-static] starting static serve /public/ -> /Users/waylon/code/egg-casl-example/app/public
2025-02-05 16:56:56,054 INFO 32322 [egg-security] use csrf middleware
2025-02-05 16:56:56,054 INFO 32322 [egg-security] use methodnoallow middleware
2025-02-05 16:56:56,054 INFO 32322 [egg-security] use noopen middleware
2025-02-05 16:56:56,054 INFO 32322 [egg-security] use nosniff middleware
2025-02-05 16:56:56,054 INFO 32322 [egg-security] use xssProtection middleware
2025-02-05 16:56:56,055 INFO 32322 [egg-security] use xframe middleware
2025-02-05 16:56:56,055 INFO 32322 [egg-security] use dta middleware
2025-02-05 16:56:56,055 INFO 32322 [egg-security] compose 7 middlewares into one security middleware
2025-02-05 16:56:56,057 INFO 32322 [egg:core] dump config after load, 1ms
2025-02-05 16:56:56,060 INFO 32322 [egg-watcher:app] watcher start success
2025-02-05 16:56:56,061 INFO 32322 [egg:core] dump config after ready, 1ms
2025-02-05 16:57:14,589 INFO 32337 [egg:logger] init all loggers with options: {"dir":"/Users/waylon/code/egg-casl-example/logs/egg-casl-example","encoding":"utf8","env":"local","level":"INFO","consoleLevel":"INFO","disableConsoleAfterReady":false,"outputJSON":false,"buffer":true,"appLogName":"egg-casl-example-web.log","coreLogName":"egg-web.log","agentLogName":"egg-agent.log","errorLogName":"common-error.log","coreLogger":{"consoleLevel":"WARN"},"allowDebugAtProd":false,"type":"application"}
2025-02-05 16:57:14,602 INFO 32337 [egg-schedule]: register schedule /Users/waylon/code/egg-casl-example/node_modules/egg-logrotator/app/schedule/clean_log.js
2025-02-05 16:57:14,602 INFO 32337 [egg-schedule]: register schedule /Users/waylon/code/egg-casl-example/node_modules/egg-logrotator/app/schedule/rotate_by_file.js
2025-02-05 16:57:14,612 INFO 32337 [egg-static] starting static serve /public/ -> /Users/waylon/code/egg-casl-example/app/public
2025-02-05 16:57:14,612 INFO 32337 [egg-security] use csrf middleware
2025-02-05 16:57:14,613 INFO 32337 [egg-security] use methodnoallow middleware
2025-02-05 16:57:14,613 INFO 32337 [egg-security] use noopen middleware
2025-02-05 16:57:14,613 INFO 32337 [egg-security] use nosniff middleware
2025-02-05 16:57:14,613 INFO 32337 [egg-security] use xssProtection middleware
2025-02-05 16:57:14,613 INFO 32337 [egg-security] use xframe middleware
2025-02-05 16:57:14,613 INFO 32337 [egg-security] use dta middleware
2025-02-05 16:57:14,613 INFO 32337 [egg-security] compose 7 middlewares into one security middleware
2025-02-05 16:57:14,615 INFO 32337 [egg:core] dump config after load, 1ms
2025-02-05 16:57:14,619 INFO 32337 [egg-watcher:app] watcher start success
2025-02-05 16:57:14,620 INFO 32337 [egg:core] dump config after ready, 0ms
2025-02-05 16:57:22,389 INFO 32352 [egg:logger] init all loggers with options: {"dir":"/Users/waylon/code/egg-casl-example/logs/egg-casl-example","encoding":"utf8","env":"local","level":"INFO","consoleLevel":"INFO","disableConsoleAfterReady":false,"outputJSON":false,"buffer":true,"appLogName":"egg-casl-example-web.log","coreLogName":"egg-web.log","agentLogName":"egg-agent.log","errorLogName":"common-error.log","coreLogger":{"consoleLevel":"WARN"},"allowDebugAtProd":false,"type":"application"}
2025-02-05 16:57:22,403 INFO 32352 [egg-schedule]: register schedule /Users/waylon/code/egg-casl-example/node_modules/egg-logrotator/app/schedule/clean_log.js
2025-02-05 16:57:22,403 INFO 32352 [egg-schedule]: register schedule /Users/waylon/code/egg-casl-example/node_modules/egg-logrotator/app/schedule/rotate_by_file.js
2025-02-05 16:57:22,414 INFO 32352 [egg-static] starting static serve /public/ -> /Users/waylon/code/egg-casl-example/app/public
2025-02-05 16:57:22,415 INFO 32352 [egg-security] use csrf middleware
2025-02-05 16:57:22,415 INFO 32352 [egg-security] use methodnoallow middleware
2025-02-05 16:57:22,415 INFO 32352 [egg-security] use noopen middleware
2025-02-05 16:57:22,415 INFO 32352 [egg-security] use nosniff middleware
2025-02-05 16:57:22,415 INFO 32352 [egg-security] use xssProtection middleware
2025-02-05 16:57:22,415 INFO 32352 [egg-security] use xframe middleware
2025-02-05 16:57:22,415 INFO 32352 [egg-security] use dta middleware
2025-02-05 16:57:22,415 INFO 32352 [egg-security] compose 7 middlewares into one security middleware
2025-02-05 16:57:22,417 INFO 32352 [egg:core] dump config after load, 1ms
2025-02-05 16:57:22,421 INFO 32352 [egg-watcher:app] watcher start success
2025-02-05 16:57:22,422 INFO 32352 [egg:core] dump config after ready, 1ms
2025-02-05 16:57:25,225 INFO 32353 [egg:logger] init all loggers with options: {"dir":"/Users/waylon/code/egg-casl-example/logs/egg-casl-example","encoding":"utf8","env":"local","level":"INFO","consoleLevel":"INFO","disableConsoleAfterReady":false,"outputJSON":false,"buffer":true,"appLogName":"egg-casl-example-web.log","coreLogName":"egg-web.log","agentLogName":"egg-agent.log","errorLogName":"common-error.log","coreLogger":{"consoleLevel":"WARN"},"allowDebugAtProd":false,"type":"application"}
2025-02-05 16:57:25,238 INFO 32353 [egg-schedule]: register schedule /Users/waylon/code/egg-casl-example/node_modules/egg-logrotator/app/schedule/clean_log.js
2025-02-05 16:57:25,238 INFO 32353 [egg-schedule]: register schedule /Users/waylon/code/egg-casl-example/node_modules/egg-logrotator/app/schedule/rotate_by_file.js
2025-02-05 16:57:25,250 INFO 32353 [egg-static] starting static serve /public/ -> /Users/waylon/code/egg-casl-example/app/public
2025-02-05 16:57:25,250 INFO 32353 [egg-security] use csrf middleware
2025-02-05 16:57:25,251 INFO 32353 [egg-security] use methodnoallow middleware
2025-02-05 16:57:25,251 INFO 32353 [egg-security] use noopen middleware
2025-02-05 16:57:25,251 INFO 32353 [egg-security] use nosniff middleware
2025-02-05 16:57:25,251 INFO 32353 [egg-security] use xssProtection middleware
2025-02-05 16:57:25,251 INFO 32353 [egg-security] use xframe middleware
2025-02-05 16:57:25,251 INFO 32353 [egg-security] use dta middleware
2025-02-05 16:57:25,251 INFO 32353 [egg-security] compose 7 middlewares into one security middleware
2025-02-05 16:57:25,253 INFO 32353 [egg:core] dump config after load, 1ms
2025-02-05 16:57:25,257 INFO 32353 [egg-watcher:app] watcher start success
2025-02-05 16:57:25,259 INFO 32353 [egg:core] dump config after ready, 1ms
2025-02-05 16:57:26,913 INFO 32357 [egg:logger] init all loggers with options: {"dir":"/Users/waylon/code/egg-casl-example/logs/egg-casl-example","encoding":"utf8","env":"local","level":"INFO","consoleLevel":"INFO","disableConsoleAfterReady":false,"outputJSON":false,"buffer":true,"appLogName":"egg-casl-example-web.log","coreLogName":"egg-web.log","agentLogName":"egg-agent.log","errorLogName":"common-error.log","coreLogger":{"consoleLevel":"WARN"},"allowDebugAtProd":false,"type":"application"}
2025-02-05 16:57:26,927 INFO 32357 [egg-schedule]: register schedule /Users/waylon/code/egg-casl-example/node_modules/egg-logrotator/app/schedule/clean_log.js
2025-02-05 16:57:26,927 INFO 32357 [egg-schedule]: register schedule /Users/waylon/code/egg-casl-example/node_modules/egg-logrotator/app/schedule/rotate_by_file.js
2025-02-05 16:57:26,937 INFO 32357 [egg-static] starting static serve /public/ -> /Users/waylon/code/egg-casl-example/app/public
2025-02-05 16:57:26,938 INFO 32357 [egg-security] use csrf middleware
2025-02-05 16:57:26,938 INFO 32357 [egg-security] use methodnoallow middleware
2025-02-05 16:57:26,938 INFO 32357 [egg-security] use noopen middleware
2025-02-05 16:57:26,938 INFO 32357 [egg-security] use nosniff middleware
2025-02-05 16:57:26,938 INFO 32357 [egg-security] use xssProtection middleware
2025-02-05 16:57:26,938 INFO 32357 [egg-security] use xframe middleware
2025-02-05 16:57:26,938 INFO 32357 [egg-security] use dta middleware
2025-02-05 16:57:26,938 INFO 32357 [egg-security] compose 7 middlewares into one security middleware
2025-02-05 16:57:26,941 INFO 32357 [egg:core] dump config after load, 1ms
2025-02-05 16:57:26,944 INFO 32357 [egg-watcher:app] watcher start success
2025-02-05 16:57:26,946 INFO 32357 [egg:core] dump config after ready, 1ms
2025-02-05 16:57:27,834 INFO 32358 [egg:logger] init all loggers with options: {"dir":"/Users/waylon/code/egg-casl-example/logs/egg-casl-example","encoding":"utf8","env":"local","level":"INFO","consoleLevel":"INFO","disableConsoleAfterReady":false,"outputJSON":false,"buffer":true,"appLogName":"egg-casl-example-web.log","coreLogName":"egg-web.log","agentLogName":"egg-agent.log","errorLogName":"common-error.log","coreLogger":{"consoleLevel":"WARN"},"allowDebugAtProd":false,"type":"application"}
2025-02-05 16:57:27,846 INFO 32358 [egg-schedule]: register schedule /Users/waylon/code/egg-casl-example/node_modules/egg-logrotator/app/schedule/clean_log.js
2025-02-05 16:57:27,846 INFO 32358 [egg-schedule]: register schedule /Users/waylon/code/egg-casl-example/node_modules/egg-logrotator/app/schedule/rotate_by_file.js
2025-02-05 16:57:27,857 INFO 32358 [egg-static] starting static serve /public/ -> /Users/waylon/code/egg-casl-example/app/public
2025-02-05 16:57:27,857 INFO 32358 [egg-security] use csrf middleware
2025-02-05 16:57:27,857 INFO 32358 [egg-security] use methodnoallow middleware
2025-02-05 16:57:27,857 INFO 32358 [egg-security] use noopen middleware
2025-02-05 16:57:27,857 INFO 32358 [egg-security] use nosniff middleware
2025-02-05 16:57:27,857 INFO 32358 [egg-security] use xssProtection middleware
2025-02-05 16:57:27,857 INFO 32358 [egg-security] use xframe middleware
2025-02-05 16:57:27,858 INFO 32358 [egg-security] use dta middleware
2025-02-05 16:57:27,858 INFO 32358 [egg-security] compose 7 middlewares into one security middleware
2025-02-05 16:57:27,860 INFO 32358 [egg:core] dump config after load, 1ms
2025-02-05 16:57:27,863 INFO 32358 [egg-watcher:app] watcher start success
2025-02-05 16:57:27,864 INFO 32358 [egg:core] dump config after ready, 1ms
2025-02-05 16:57:36,748 INFO 32365 [egg:logger] init all loggers with options: {"dir":"/Users/waylon/code/egg-casl-example/logs/egg-casl-example","encoding":"utf8","env":"local","level":"INFO","consoleLevel":"INFO","disableConsoleAfterReady":false,"outputJSON":false,"buffer":true,"appLogName":"egg-casl-example-web.log","coreLogName":"egg-web.log","agentLogName":"egg-agent.log","errorLogName":"common-error.log","coreLogger":{"consoleLevel":"WARN"},"allowDebugAtProd":false,"type":"application"}
2025-02-05 16:57:36,760 INFO 32365 [egg-schedule]: register schedule /Users/waylon/code/egg-casl-example/node_modules/egg-logrotator/app/schedule/clean_log.js
2025-02-05 16:57:36,760 INFO 32365 [egg-schedule]: register schedule /Users/waylon/code/egg-casl-example/node_modules/egg-logrotator/app/schedule/rotate_by_file.js
2025-02-05 16:57:36,769 INFO 32365 [egg-static] starting static serve /public/ -> /Users/waylon/code/egg-casl-example/app/public
2025-02-05 16:57:36,770 INFO 32365 [egg-security] use csrf middleware
2025-02-05 16:57:36,770 INFO 32365 [egg-security] use methodnoallow middleware
2025-02-05 16:57:36,770 INFO 32365 [egg-security] use noopen middleware
2025-02-05 16:57:36,770 INFO 32365 [egg-security] use nosniff middleware
2025-02-05 16:57:36,770 INFO 32365 [egg-security] use xssProtection middleware
2025-02-05 16:57:36,770 INFO 32365 [egg-security] use xframe middleware
2025-02-05 16:57:36,770 INFO 32365 [egg-security] use dta middleware
2025-02-05 16:57:36,770 INFO 32365 [egg-security] compose 7 middlewares into one security middleware
2025-02-05 16:57:36,772 INFO 32365 [egg:core] dump config after load, 1ms
2025-02-05 16:57:36,775 INFO 32365 [egg-watcher:app] watcher start success
2025-02-05 16:57:36,777 INFO 32365 [egg:core] dump config after ready, 1ms
2025-02-05 16:57:39,231 INFO 32369 [egg:logger] init all loggers with options: {"dir":"/Users/waylon/code/egg-casl-example/logs/egg-casl-example","encoding":"utf8","env":"local","level":"INFO","consoleLevel":"INFO","disableConsoleAfterReady":false,"outputJSON":false,"buffer":true,"appLogName":"egg-casl-example-web.log","coreLogName":"egg-web.log","agentLogName":"egg-agent.log","errorLogName":"common-error.log","coreLogger":{"consoleLevel":"WARN"},"allowDebugAtProd":false,"type":"application"}
2025-02-05 16:57:39,243 INFO 32369 [egg-schedule]: register schedule /Users/waylon/code/egg-casl-example/node_modules/egg-logrotator/app/schedule/clean_log.js
2025-02-05 16:57:39,243 INFO 32369 [egg-schedule]: register schedule /Users/waylon/code/egg-casl-example/node_modules/egg-logrotator/app/schedule/rotate_by_file.js
2025-02-05 16:57:39,254 INFO 32369 [egg-static] starting static serve /public/ -> /Users/waylon/code/egg-casl-example/app/public
2025-02-05 16:57:39,254 INFO 32369 [egg-security] use csrf middleware
2025-02-05 16:57:39,254 INFO 32369 [egg-security] use methodnoallow middleware
2025-02-05 16:57:39,254 INFO 32369 [egg-security] use noopen middleware
2025-02-05 16:57:39,254 INFO 32369 [egg-security] use nosniff middleware
2025-02-05 16:57:39,254 INFO 32369 [egg-security] use xssProtection middleware
2025-02-05 16:57:39,255 INFO 32369 [egg-security] use xframe middleware
2025-02-05 16:57:39,255 INFO 32369 [egg-security] use dta middleware
2025-02-05 16:57:39,255 INFO 32369 [egg-security] compose 7 middlewares into one security middleware
2025-02-05 16:57:39,257 INFO 32369 [egg:core] dump config after load, 1ms
2025-02-05 16:57:39,260 INFO 32369 [egg-watcher:app] watcher start success
2025-02-05 16:57:39,261 INFO 32369 [egg:core] dump config after ready, 1ms
2025-02-05 16:57:39,680 INFO 32373 [egg:logger] init all loggers with options: {"dir":"/Users/waylon/code/egg-casl-example/logs/egg-casl-example","encoding":"utf8","env":"local","level":"INFO","consoleLevel":"INFO","disableConsoleAfterReady":false,"outputJSON":false,"buffer":true,"appLogName":"egg-casl-example-web.log","coreLogName":"egg-web.log","agentLogName":"egg-agent.log","errorLogName":"common-error.log","coreLogger":{"consoleLevel":"WARN"},"allowDebugAtProd":false,"type":"application"}
2025-02-05 16:57:39,692 INFO 32373 [egg-schedule]: register schedule /Users/waylon/code/egg-casl-example/node_modules/egg-logrotator/app/schedule/clean_log.js
2025-02-05 16:57:39,692 INFO 32373 [egg-schedule]: register schedule /Users/waylon/code/egg-casl-example/node_modules/egg-logrotator/app/schedule/rotate_by_file.js
2025-02-05 16:57:39,702 INFO 32373 [egg-static] starting static serve /public/ -> /Users/waylon/code/egg-casl-example/app/public
2025-02-05 16:57:39,702 INFO 32373 [egg-security] use csrf middleware
2025-02-05 16:57:39,702 INFO 32373 [egg-security] use methodnoallow middleware
2025-02-05 16:57:39,703 INFO 32373 [egg-security] use noopen middleware
2025-02-05 16:57:39,703 INFO 32373 [egg-security] use nosniff middleware
2025-02-05 16:57:39,703 INFO 32373 [egg-security] use xssProtection middleware
2025-02-05 16:57:39,703 INFO 32373 [egg-security] use xframe middleware
2025-02-05 16:57:39,703 INFO 32373 [egg-security] use dta middleware
2025-02-05 16:57:39,703 INFO 32373 [egg-security] compose 7 middlewares into one security middleware
2025-02-05 16:57:39,705 INFO 32373 [egg:core] dump config after load, 1ms
2025-02-05 16:57:39,708 INFO 32373 [egg-watcher:app] watcher start success
2025-02-05 16:57:39,710 INFO 32373 [egg:core] dump config after ready, 1ms
2025-02-05 16:57:39,946 INFO 32374 [egg:logger] init all loggers with options: {"dir":"/Users/waylon/code/egg-casl-example/logs/egg-casl-example","encoding":"utf8","env":"local","level":"INFO","consoleLevel":"INFO","disableConsoleAfterReady":false,"outputJSON":false,"buffer":true,"appLogName":"egg-casl-example-web.log","coreLogName":"egg-web.log","agentLogName":"egg-agent.log","errorLogName":"common-error.log","coreLogger":{"consoleLevel":"WARN"},"allowDebugAtProd":false,"type":"application"}
2025-02-05 16:57:39,958 INFO 32374 [egg-schedule]: register schedule /Users/waylon/code/egg-casl-example/node_modules/egg-logrotator/app/schedule/clean_log.js
2025-02-05 16:57:39,958 INFO 32374 [egg-schedule]: register schedule /Users/waylon/code/egg-casl-example/node_modules/egg-logrotator/app/schedule/rotate_by_file.js
2025-02-05 16:57:39,969 INFO 32374 [egg-static] starting static serve /public/ -> /Users/waylon/code/egg-casl-example/app/public
2025-02-05 16:57:39,969 INFO 32374 [egg-security] use csrf middleware
2025-02-05 16:57:39,969 INFO 32374 [egg-security] use methodnoallow middleware
2025-02-05 16:57:39,969 INFO 32374 [egg-security] use noopen middleware
2025-02-05 16:57:39,970 INFO 32374 [egg-security] use nosniff middleware
2025-02-05 16:57:39,970 INFO 32374 [egg-security] use xssProtection middleware
2025-02-05 16:57:39,970 INFO 32374 [egg-security] use xframe middleware
2025-02-05 16:57:39,970 INFO 32374 [egg-security] use dta middleware
2025-02-05 16:57:39,970 INFO 32374 [egg-security] compose 7 middlewares into one security middleware
2025-02-05 16:57:39,972 INFO 32374 [egg:core] dump config after load, 1ms
2025-02-05 16:57:39,975 INFO 32374 [egg-watcher:app] watcher start success
2025-02-05 16:57:39,976 INFO 32374 [egg:core] dump config after ready, 0ms
2025-02-05 16:57:46,201 INFO 32379 [egg:logger] init all loggers with options: {"dir":"/Users/waylon/code/egg-casl-example/logs/egg-casl-example","encoding":"utf8","env":"local","level":"INFO","consoleLevel":"INFO","disableConsoleAfterReady":false,"outputJSON":false,"buffer":true,"appLogName":"egg-casl-example-web.log","coreLogName":"egg-web.log","agentLogName":"egg-agent.log","errorLogName":"common-error.log","coreLogger":{"consoleLevel":"WARN"},"allowDebugAtProd":false,"type":"application"}
2025-02-05 16:57:46,215 INFO 32379 [egg-schedule]: register schedule /Users/waylon/code/egg-casl-example/node_modules/egg-logrotator/app/schedule/clean_log.js
2025-02-05 16:57:46,215 INFO 32379 [egg-schedule]: register schedule /Users/waylon/code/egg-casl-example/node_modules/egg-logrotator/app/schedule/rotate_by_file.js
2025-02-05 16:57:46,224 INFO 32379 [egg-static] starting static serve /public/ -> /Users/waylon/code/egg-casl-example/app/public
2025-02-05 16:57:46,225 INFO 32379 [egg-security] use csrf middleware
2025-02-05 16:57:46,225 INFO 32379 [egg-security] use methodnoallow middleware
2025-02-05 16:57:46,225 INFO 32379 [egg-security] use noopen middleware
2025-02-05 16:57:46,225 INFO 32379 [egg-security] use nosniff middleware
2025-02-05 16:57:46,225 INFO 32379 [egg-security] use xssProtection middleware
2025-02-05 16:57:46,226 INFO 32379 [egg-security] use xframe middleware
2025-02-05 16:57:46,226 INFO 32379 [egg-security] use dta middleware
2025-02-05 16:57:46,226 INFO 32379 [egg-security] compose 7 middlewares into one security middleware
2025-02-05 16:57:46,228 INFO 32379 [egg:core] dump config after load, 1ms
2025-02-05 16:57:46,231 INFO 32379 [egg-watcher:app] watcher start success
2025-02-05 16:57:46,232 INFO 32379 [egg:core] dump config after ready, 1ms
2025-02-05 16:57:56,016 INFO 32393 [egg:logger] init all loggers with options: {"dir":"/Users/waylon/code/egg-casl-example/logs/egg-casl-example","encoding":"utf8","env":"local","level":"INFO","consoleLevel":"INFO","disableConsoleAfterReady":false,"outputJSON":false,"buffer":true,"appLogName":"egg-casl-example-web.log","coreLogName":"egg-web.log","agentLogName":"egg-agent.log","errorLogName":"common-error.log","coreLogger":{"consoleLevel":"WARN"},"allowDebugAtProd":false,"type":"application"}
2025-02-05 16:57:56,028 INFO 32393 [egg-schedule]: register schedule /Users/waylon/code/egg-casl-example/node_modules/egg-logrotator/app/schedule/clean_log.js
2025-02-05 16:57:56,028 INFO 32393 [egg-schedule]: register schedule /Users/waylon/code/egg-casl-example/node_modules/egg-logrotator/app/schedule/rotate_by_file.js
2025-02-05 16:57:56,039 INFO 32393 [egg-static] starting static serve /public/ -> /Users/waylon/code/egg-casl-example/app/public
2025-02-05 16:57:56,040 INFO 32393 [egg-security] use csrf middleware
2025-02-05 16:57:56,040 INFO 32393 [egg-security] use methodnoallow middleware
2025-02-05 16:57:56,040 INFO 32393 [egg-security] use noopen middleware
2025-02-05 16:57:56,040 INFO 32393 [egg-security] use nosniff middleware
2025-02-05 16:57:56,040 INFO 32393 [egg-security] use xssProtection middleware
2025-02-05 16:57:56,040 INFO 32393 [egg-security] use xframe middleware
2025-02-05 16:57:56,040 INFO 32393 [egg-security] use dta middleware
2025-02-05 16:57:56,040 INFO 32393 [egg-security] compose 7 middlewares into one security middleware
2025-02-05 16:57:56,042 INFO 32393 [egg:core] dump config after load, 1ms
2025-02-05 16:57:56,045 INFO 32393 [egg-watcher:app] watcher start success
2025-02-05 16:57:56,047 INFO 32393 [egg:core] dump config after ready, 1ms
